<?xml version="1.0" encoding="UTF-8"?>
<!-- Generated by org.testng.reporters.JUnitXMLReporter -->
<testsuite ignored="21" hostname="DESKTOP-FAF54ES" failures="0" tests="3" name="Regression" time="146.046" errors="0" timestamp="2022-06-26T13:30:06 PDT">
  <testcase classname="com.mystore.testcases.AddtoCartPageTest" name="AddtoCartTest" time="19.219"/>
  <testcase classname="com.mystore.testcases.EndtoEndTest" name="endtoEndTest" time="58.633"/>
  <testcase classname="com.mystore.testcases.OrderPageTest" name="verifyTotlaPrice" time="19.312"/>
  <testcase classname="com.mystore.testcases.IndexPageTest" name="getMyStoreTitle" time="0.0">
    <ignored/>
  </testcase> <!-- getMyStoreTitle -->
  <testcase classname="com.mystore.testcases.LoginPageTest" name="validateLogin" time="0.0">
    <ignored/>
  </testcase> <!-- validateLogin -->
  <testcase classname="com.mystore.testcases.IndexPageTest" name="verifyLogo" time="0.0">
    <ignored/>
  </testcase> <!-- verifyLogo -->
  <testcase classname="com.mystore.testcases.SearchResultPageTest" name="verifyProductAvailability" time="0.0">
    <ignored/>
  </testcase> <!-- verifyProductAvailability -->
  <testcase classname="com.mystore.base.BaseClass" name="@BeforeTest loadConfig" time="0.0">
    <ignored/>
  </testcase> <!-- @BeforeTest loadConfig -->
  <testcase classname="com.mystore.base.BaseClass" name="@BeforeTest loadConfig" time="0.0">
    <ignored/>
  </testcase> <!-- @BeforeTest loadConfig -->
  <testcase classname="com.mystore.base.BaseClass" name="@BeforeTest loadConfig" time="0.0">
    <ignored/>
  </testcase> <!-- @BeforeTest loadConfig -->
  <testcase classname="com.mystore.base.BaseClass" name="@BeforeTest loadConfig" time="0.0">
    <ignored/>
  </testcase> <!-- @BeforeTest loadConfig -->
  <testcase classname="com.mystore.base.BaseClass" name="@BeforeTest loadConfig" time="0.0">
    <ignored/>
  </testcase> <!-- @BeforeTest loadConfig -->
  <testcase classname="com.mystore.base.BaseClass" name="@BeforeTest loadConfig" time="0.0">
    <ignored/>
  </testcase> <!-- @BeforeTest loadConfig -->
  <testcase classname="com.mystore.base.BaseClass" name="@BeforeTest loadConfig" time="0.0">
    <ignored/>
  </testcase> <!-- @BeforeTest loadConfig -->
  <testcase classname="com.mystore.testcases.HomePageTest" name="OrderHistoryTest" time="0.0">
    <ignored/>
  </testcase> <!-- OrderHistoryTest -->
  <testcase classname="com.mystore.testcases.AccountCreationPageTest" name="verifyAccountCreationPageTest" time="0.0">
    <ignored/>
  </testcase> <!-- verifyAccountCreationPageTest -->
  <testcase classname="com.mystore.testcases.HomePageTest" name="wishListTest" time="0.0">
    <ignored/>
  </testcase> <!-- wishListTest -->
  <testcase classname="com.mystore.base.BaseClass" name="@BeforeSuite BeforeSuit" time="0.0">
    <ignored/>
  </testcase> <!-- @BeforeSuite BeforeSuit -->
  <testcase classname="com.mystore.base.BaseClass" name="@BeforeSuite BeforeSuit" time="0.0">
    <ignored/>
  </testcase> <!-- @BeforeSuite BeforeSuit -->
  <testcase classname="com.mystore.base.BaseClass" name="@BeforeSuite BeforeSuit" time="0.0">
    <ignored/>
  </testcase> <!-- @BeforeSuite BeforeSuit -->
  <testcase classname="com.mystore.base.BaseClass" name="@BeforeSuite BeforeSuit" time="0.0">
    <ignored/>
  </testcase> <!-- @BeforeSuite BeforeSuit -->
  <testcase classname="com.mystore.base.BaseClass" name="@BeforeSuite BeforeSuit" time="0.0">
    <ignored/>
  </testcase> <!-- @BeforeSuite BeforeSuit -->
  <testcase classname="com.mystore.base.BaseClass" name="@BeforeSuite BeforeSuit" time="0.0">
    <ignored/>
  </testcase> <!-- @BeforeSuite BeforeSuit -->
  <testcase classname="com.mystore.base.BaseClass" name="@BeforeSuite BeforeSuit" time="0.0">
    <ignored/>
  </testcase> <!-- @BeforeSuite BeforeSuit -->
</testsuite> <!-- Regression -->
