<?xml version="1.0" encoding="UTF-8"?>
<!-- Generated by org.testng.reporters.JUnitXMLReporter -->
<testsuite ignored="21" hostname="DESKTOP-FAF54ES" failures="1" tests="4" name="Test" time="157.418" errors="0" timestamp="2022-06-26T13:24:25 PDT">
  <testcase classname="com.mystore.testcases.LoginPageTest" name="validateLogin" time="21.474"/>
  <testcase classname="com.mystore.testcases.LoginPageTest" name="validateLogin" time="15.392">
    <failure type="java.lang.AssertionError" message="expected [http://automationpractice.com/index.php?controller=my-account] but found [http://automationpractice.com/index.php?controller=authentication]">
      <![CDATA[java.lang.AssertionError: expected [http://automationpractice.com/index.php?controller=my-account] but found [http://automationpractice.com/index.php?controller=authentication]
at com.mystore.testcases.LoginPageTest.validateLogin(LoginPageTest.java:54)
at java.base/java.util.ArrayList.forEach(ArrayList.java:1541)
... Removed 32 stack frames]]>
    </failure>
  </testcase> <!-- validateLogin -->
  <testcase classname="com.mystore.testcases.AddtoCartPageTest" name="AddtoCartTest" time="15.538"/>
  <testcase classname="com.mystore.testcases.AccountCreationPageTest" name="verifyAccountCreationPageTest" time="3.496"/>
  <testcase classname="com.mystore.testcases.IndexPageTest" name="getMyStoreTitle" time="0.0">
    <ignored/>
  </testcase> <!-- getMyStoreTitle -->
  <testcase classname="com.mystore.testcases.IndexPageTest" name="verifyLogo" time="0.0">
    <ignored/>
  </testcase> <!-- verifyLogo -->
  <testcase classname="com.mystore.testcases.SearchResultPageTest" name="verifyProductAvailability" time="0.0">
    <ignored/>
  </testcase> <!-- verifyProductAvailability -->
  <testcase classname="com.mystore.base.BaseClass" name="@BeforeTest loadConfig" time="0.0">
    <ignored/>
  </testcase> <!-- @BeforeTest loadConfig -->
  <testcase classname="com.mystore.base.BaseClass" name="@BeforeTest loadConfig" time="0.0">
    <ignored/>
  </testcase> <!-- @BeforeTest loadConfig -->
  <testcase classname="com.mystore.base.BaseClass" name="@BeforeTest loadConfig" time="0.0">
    <ignored/>
  </testcase> <!-- @BeforeTest loadConfig -->
  <testcase classname="com.mystore.base.BaseClass" name="@BeforeTest loadConfig" time="0.0">
    <ignored/>
  </testcase> <!-- @BeforeTest loadConfig -->
  <testcase classname="com.mystore.base.BaseClass" name="@BeforeTest loadConfig" time="0.0">
    <ignored/>
  </testcase> <!-- @BeforeTest loadConfig -->
  <testcase classname="com.mystore.base.BaseClass" name="@BeforeTest loadConfig" time="0.0">
    <ignored/>
  </testcase> <!-- @BeforeTest loadConfig -->
  <testcase classname="com.mystore.base.BaseClass" name="@BeforeTest loadConfig" time="0.0">
    <ignored/>
  </testcase> <!-- @BeforeTest loadConfig -->
  <testcase classname="com.mystore.testcases.HomePageTest" name="OrderHistoryTest" time="0.0">
    <ignored/>
  </testcase> <!-- OrderHistoryTest -->
  <testcase classname="com.mystore.testcases.OrderPageTest" name="verifyTotlaPrice" time="0.0">
    <ignored/>
  </testcase> <!-- verifyTotlaPrice -->
  <testcase classname="com.mystore.testcases.HomePageTest" name="wishListTest" time="0.0">
    <ignored/>
  </testcase> <!-- wishListTest -->
  <testcase classname="com.mystore.testcases.EndtoEndTest" name="endtoEndTest" time="0.0">
    <ignored/>
  </testcase> <!-- endtoEndTest -->
  <testcase classname="com.mystore.base.BaseClass" name="@BeforeSuite BeforeSuit" time="0.0">
    <ignored/>
  </testcase> <!-- @BeforeSuite BeforeSuit -->
  <testcase classname="com.mystore.base.BaseClass" name="@BeforeSuite BeforeSuit" time="0.0">
    <ignored/>
  </testcase> <!-- @BeforeSuite BeforeSuit -->
  <testcase classname="com.mystore.base.BaseClass" name="@BeforeSuite BeforeSuit" time="0.0">
    <ignored/>
  </testcase> <!-- @BeforeSuite BeforeSuit -->
  <testcase classname="com.mystore.base.BaseClass" name="@BeforeSuite BeforeSuit" time="0.0">
    <ignored/>
  </testcase> <!-- @BeforeSuite BeforeSuit -->
  <testcase classname="com.mystore.base.BaseClass" name="@BeforeSuite BeforeSuit" time="0.0">
    <ignored/>
  </testcase> <!-- @BeforeSuite BeforeSuit -->
  <testcase classname="com.mystore.base.BaseClass" name="@BeforeSuite BeforeSuit" time="0.0">
    <ignored/>
  </testcase> <!-- @BeforeSuite BeforeSuit -->
  <testcase classname="com.mystore.base.BaseClass" name="@BeforeSuite BeforeSuit" time="0.0">
    <ignored/>
  </testcase> <!-- @BeforeSuite BeforeSuit -->
</testsuite> <!-- Test -->
