<?xml version="1.0" encoding="UTF-8"?>
<testng-results ignored="21" total="24" passed="3" failed="0" skipped="0">
  <reporter-output>
  </reporter-output>
  <suite started-at="2022-06-26T13:27:40 PDT" name="Suite" finished-at="2022-06-26T13:30:06 PDT" duration-ms="146046">
    <groups>
      <group name="Sanity">
        <method signature="AddtoCartPageTest.AddtoCartTest(java.lang.String, java.lang.String, java.lang.String)[pri:0, instance:com.mystore.testcases.AddtoCartPageTest@29647f75]" name="AddtoCartTest" class="com.mystore.testcases.AddtoCartPageTest"/>
      </group> <!-- Sanity -->
      <group name="Regression">
        <method signature="AddtoCartPageTest.AddtoCartTest(java.lang.String, java.lang.String, java.lang.String)[pri:0, instance:com.mystore.testcases.AddtoCartPageTest@29647f75]" name="AddtoCartTest" class="com.mystore.testcases.AddtoCartPageTest"/>
        <method signature="EndtoEndTest.endtoEndTest(java.lang.String, java.lang.String, java.lang.String)[pri:0, instance:com.mystore.testcases.EndtoEndTest@3315d2d7]" name="endtoEndTest" class="com.mystore.testcases.EndtoEndTest"/>
        <method signature="OrderPageTest.verifyTotlaPrice(java.lang.String, java.lang.String, java.lang.String)[pri:0, instance:com.mystore.testcases.OrderPageTest@d6e7bab]" name="verifyTotlaPrice" class="com.mystore.testcases.OrderPageTest"/>
      </group> <!-- Regression -->
    </groups>
    <test started-at="2022-06-26T13:27:40 PDT" name="Regression" finished-at="2022-06-26T13:30:06 PDT" duration-ms="146046">
      <class name="com.mystore.testcases.AddtoCartPageTest">
        <test-method is-config="true" signature="setup(java.lang.String)[pri:0, instance:com.mystore.testcases.AddtoCartPageTest@29647f75]" started-at="2022-06-26T13:27:41 PDT" name="setup" finished-at="2022-06-26T13:27:57 PDT" duration-ms="16333" status="PASS">
          <params>
            <param index="0">
              <value>
                <![CDATA[Chrome]]>
              </value>
            </param>
          </params>
          <reporter-output>
          </reporter-output>
        </test-method> <!-- setup -->
        <test-method signature="AddtoCartTest(java.lang.String, java.lang.String, java.lang.String)[pri:0, instance:com.mystore.testcases.AddtoCartPageTest@29647f75]" started-at="2022-06-26T13:27:57 PDT" name="AddtoCartTest" data-provider="getProduct" finished-at="2022-06-26T13:28:17 PDT" duration-ms="19219" status="PASS">
          <params>
            <param index="0">
              <value>
                <![CDATA[t-shirt]]>
              </value>
            </param>
            <param index="1">
              <value>
                <![CDATA[2.0]]>
              </value>
            </param>
            <param index="2">
              <value>
                <![CDATA[M]]>
              </value>
            </param>
          </params>
          <reporter-output>
          </reporter-output>
        </test-method> <!-- AddtoCartTest -->
        <test-method is-config="true" signature="teardown()[pri:0, instance:com.mystore.testcases.AddtoCartPageTest@29647f75]" started-at="2022-06-26T13:28:17 PDT" name="teardown" finished-at="2022-06-26T13:28:17 PDT" duration-ms="959" status="PASS">
          <reporter-output>
          </reporter-output>
        </test-method> <!-- teardown -->
      </class> <!-- com.mystore.testcases.AddtoCartPageTest -->
      <class name="com.mystore.testcases.EndtoEndTest">
        <test-method is-config="true" signature="setup(java.lang.String)[pri:0, instance:com.mystore.testcases.EndtoEndTest@3315d2d7]" started-at="2022-06-26T13:28:18 PDT" name="setup" finished-at="2022-06-26T13:28:32 PDT" duration-ms="14280" status="PASS">
          <params>
            <param index="0">
              <value>
                <![CDATA[Chrome]]>
              </value>
            </param>
          </params>
          <reporter-output>
          </reporter-output>
        </test-method> <!-- setup -->
        <test-method signature="endtoEndTest(java.lang.String, java.lang.String, java.lang.String)[pri:0, instance:com.mystore.testcases.EndtoEndTest@3315d2d7]" started-at="2022-06-26T13:28:32 PDT" name="endtoEndTest" data-provider="getProduct" finished-at="2022-06-26T13:29:31 PDT" duration-ms="58633" status="PASS">
          <params>
            <param index="0">
              <value>
                <![CDATA[t-shirt]]>
              </value>
            </param>
            <param index="1">
              <value>
                <![CDATA[2.0]]>
              </value>
            </param>
            <param index="2">
              <value>
                <![CDATA[M]]>
              </value>
            </param>
          </params>
          <reporter-output>
          </reporter-output>
        </test-method> <!-- endtoEndTest -->
        <test-method is-config="true" signature="teardown()[pri:0, instance:com.mystore.testcases.EndtoEndTest@3315d2d7]" started-at="2022-06-26T13:29:31 PDT" name="teardown" finished-at="2022-06-26T13:29:32 PDT" duration-ms="919" status="PASS">
          <reporter-output>
          </reporter-output>
        </test-method> <!-- teardown -->
      </class> <!-- com.mystore.testcases.EndtoEndTest -->
      <class name="com.mystore.testcases.OrderPageTest">
        <test-method is-config="true" signature="setup(java.lang.String)[pri:0, instance:com.mystore.testcases.OrderPageTest@d6e7bab]" started-at="2022-06-26T13:29:32 PDT" name="setup" finished-at="2022-06-26T13:29:45 PDT" duration-ms="13392" status="PASS">
          <params>
            <param index="0">
              <value>
                <![CDATA[Chrome]]>
              </value>
            </param>
          </params>
          <reporter-output>
          </reporter-output>
        </test-method> <!-- setup -->
        <test-method signature="verifyTotlaPrice(java.lang.String, java.lang.String, java.lang.String)[pri:0, instance:com.mystore.testcases.OrderPageTest@d6e7bab]" started-at="2022-06-26T13:29:45 PDT" name="verifyTotlaPrice" data-provider="getProduct" finished-at="2022-06-26T13:30:04 PDT" duration-ms="19312" status="PASS">
          <params>
            <param index="0">
              <value>
                <![CDATA[t-shirt]]>
              </value>
            </param>
            <param index="1">
              <value>
                <![CDATA[2.0]]>
              </value>
            </param>
            <param index="2">
              <value>
                <![CDATA[M]]>
              </value>
            </param>
          </params>
          <reporter-output>
          </reporter-output>
        </test-method> <!-- verifyTotlaPrice -->
        <test-method is-config="true" signature="teardown()[pri:0, instance:com.mystore.testcases.OrderPageTest@d6e7bab]" started-at="2022-06-26T13:30:04 PDT" name="teardown" finished-at="2022-06-26T13:30:06 PDT" duration-ms="1268" status="PASS">
          <reporter-output>
          </reporter-output>
        </test-method> <!-- teardown -->
      </class> <!-- com.mystore.testcases.OrderPageTest -->
      <class name="com.mystore.testcases.LoginPageTest">
        <test-method is-config="true" signature="BeforeSuit()[pri:0, instance:com.mystore.testcases.LoginPageTest@355ce81c]" started-at="2022-06-26T13:27:39 PDT" name="BeforeSuit" finished-at="2022-06-26T13:27:40 PDT" duration-ms="316" status="PASS">
          <reporter-output>
          </reporter-output>
        </test-method> <!-- BeforeSuit -->
        <test-method is-config="true" signature="loadConfig()[pri:0, instance:com.mystore.testcases.LoginPageTest@355ce81c]" started-at="2022-06-26T13:27:40 PDT" name="loadConfig" finished-at="2022-06-26T13:27:40 PDT" duration-ms="2" status="PASS">
          <reporter-output>
          </reporter-output>
        </test-method> <!-- loadConfig -->
      </class> <!-- com.mystore.testcases.LoginPageTest -->
    </test> <!-- Regression -->
  </suite> <!-- Suite -->
</testng-results>
