<?xml version="1.0" encoding="UTF-8"?>
<testng-results ignored="0" total="1" passed="1" failed="0" skipped="0">
  <reporter-output>
  </reporter-output>
  <suite started-at="2022-06-25T11:23:44 PDT" name="Default suite" finished-at="2022-06-25T11:24:51 PDT" duration-ms="67561">
    <groups>
    </groups>
    <test started-at="2022-06-25T11:23:44 PDT" name="Default test" finished-at="2022-06-25T11:24:51 PDT" duration-ms="67561">
      <class name="com.mystore.testcases.EndtoEndTest">
        <test-method is-config="true" signature="loadConfig()[pri:0, instance:com.mystore.testcases.EndtoEndTest@36d585c]" started-at="2022-06-25T11:23:44 PDT" name="loadConfig" finished-at="2022-06-25T11:23:44 PDT" duration-ms="22" status="PASS">
          <reporter-output>
          </reporter-output>
        </test-method> <!-- loadConfig -->
        <test-method is-config="true" signature="setup()[pri:0, instance:com.mystore.testcases.EndtoEndTest@36d585c]" started-at="2022-06-25T11:23:44 PDT" name="setup" finished-at="2022-06-25T11:24:04 PDT" duration-ms="20522" status="PASS">
          <reporter-output>
          </reporter-output>
        </test-method> <!-- setup -->
        <test-method signature="endtoEndTest()[pri:0, instance:com.mystore.testcases.EndtoEndTest@36d585c]" started-at="2022-06-25T11:24:04 PDT" name="endtoEndTest" finished-at="2022-06-25T11:24:50 PDT" duration-ms="45878" status="PASS">
          <reporter-output>
          </reporter-output>
        </test-method> <!-- endtoEndTest -->
        <test-method is-config="true" signature="teardown()[pri:0, instance:com.mystore.testcases.EndtoEndTest@36d585c]" started-at="2022-06-25T11:24:50 PDT" name="teardown" finished-at="2022-06-25T11:24:51 PDT" duration-ms="1037" status="PASS">
          <reporter-output>
          </reporter-output>
        </test-method> <!-- teardown -->
      </class> <!-- com.mystore.testcases.EndtoEndTest -->
    </test> <!-- Default test -->
  </suite> <!-- Default suite -->
</testng-results>
